<?xml version="1.0" encoding="UTF-8"?>
<!-- Generated by org.testng.reporters.JUnitReportReporter -->
<testsuite hostname="DESKTOP-UK94CCL" failures="0" tests="1" name="firstProjectAutomation.MyFirstTest" time="8.971" errors="0" timestamp="2024-08-12T11:50:19 EET" skipped="0">
  <testcase classname="firstProjectAutomation.MyFirstTest" name="myFistTest" time="8.971"/>
  <system-out/>
</testsuite> <!-- firstProjectAutomation.MyFirstTest -->
